<?xml version="1.0" encoding="UTF-8"?>
<testsuite xmlns:xsi="http://www.w3.org/2001/XMLSchema-instance" xsi:noNamespaceSchemaLocation="https://maven.apache.org/surefire/maven-surefire-plugin/xsd/surefire-test-report-3.0.xsd" version="3.0" name="com.security.repository.MemberRepositoryTest" time="6.567" tests="1" errors="0" skipped="0" failures="0">
  <properties>
[...]
</properties>
  <testcase name="createMemberTest" classname="com.security.repository.MemberRepositoryTest" time="0.65">
    <system-out><![CDATA[00:42:05.147 [main] INFO org.springframework.test.context.support.AnnotationConfigContextLoaderUtils -- Could not detect default configuration classes for test class [com.security.repository.MemberRepositoryTest]: MemberRepositoryTest does not declare any static, non-private, non-final, nested classes annotated with @Configuration.
00:42:05.262 [main] INFO org.springframework.boot.test.context.SpringBootTestContextBootstrapper -- Found @SpringBootConfiguration com.security.SecurityTestApplication for test class com.security.repository.MemberRepositoryTest
00:42:05.467 [main] INFO org.springframework.boot.devtools.restart.RestartApplicationListener -- Restart disabled due to context in which it is running

  .   ____          _            __ _ _
 /\\ / ___'_ __ _ _(_)_ __  __ _ \ \ \ \
( ( )\___ | '_ | '_| | '_ \/ _` | \ \ \ \
 \\/  ___)| |_)| | | | | || (_| |  ) ) ) )
  '  |____| .__|_| |_|_| |_\__, | / / / /
 =========|_|==============|___/=/_/_/_/
 :: Spring Boot ::                (v3.1.5)

2023-11-20T00:42:05.763+09:00  INFO 14200 --- [           main] c.s.repository.MemberRepositoryTest      : Starting MemberRepositoryTest using Java 17.0.7 with PID 14200 (started by User in D:\SecurityTest\SecurityTest)
2023-11-20T00:42:05.765+09:00  INFO 14200 --- [           main] c.s.repository.MemberRepositoryTest      : No active profile set, falling back to 1 default profile: "default"
2023-11-20T00:42:06.794+09:00  INFO 14200 --- [           main] .s.d.r.c.RepositoryConfigurationDelegate : Bootstrapping Spring Data JPA repositories in DEFAULT mode.
2023-11-20T00:42:06.858+09:00  INFO 14200 --- [           main] .s.d.r.c.RepositoryConfigurationDelegate : Finished Spring Data repository scanning in 53 ms. Found 1 JPA repository interfaces.
2023-11-20T00:42:07.501+09:00  INFO 14200 --- [           main] o.hibernate.jpa.internal.util.LogHelper  : HHH000204: Processing PersistenceUnitInfo [name: default]
2023-11-20T00:42:07.580+09:00  INFO 14200 --- [           main] org.hibernate.Version                    : HHH000412: Hibernate ORM core version 6.2.13.Final
2023-11-20T00:42:07.582+09:00  INFO 14200 --- [           main] org.hibernate.cfg.Environment            : HHH000406: Using bytecode reflection optimizer
2023-11-20T00:42:07.966+09:00  INFO 14200 --- [           main] o.s.o.j.p.SpringPersistenceUnitInfo      : No LoadTimeWeaver setup: ignoring JPA class transformer
2023-11-20T00:42:07.999+09:00  INFO 14200 --- [           main] com.zaxxer.hikari.HikariDataSource       : HikariPool-1 - Starting...
2023-11-20T00:42:08.319+09:00  INFO 14200 --- [           main] com.zaxxer.hikari.pool.HikariPool        : HikariPool-1 - Added connection oracle.jdbc.driver.T4CConnection@5f0d8937
2023-11-20T00:42:08.321+09:00  INFO 14200 --- [           main] com.zaxxer.hikari.HikariDataSource       : HikariPool-1 - Start completed.
2023-11-20T00:42:08.480+09:00  WARN 14200 --- [           main] org.hibernate.orm.deprecation            : HHH90000025: OracleDialect does not need to be specified explicitly using 'hibernate.dialect' (remove the property setting and it will be selected by default)
2023-11-20T00:42:09.551+09:00  INFO 14200 --- [           main] o.h.e.t.j.p.i.JtaPlatformInitiator       : HHH000489: No JTA platform available (set 'hibernate.transaction.jta.platform' to enable JTA platform integration)
&amp#27;[35m[Hibernate]&amp#27;[0m 
    &amp#27;[34mdrop&amp#27;[0m &amp#27;[34mtable&amp#27;[0m &amp#27;[34mmember&amp#27;[0m &amp#27;[34mcascade&amp#27;[0m constraints
&amp#27;[35m[Hibernate]&amp#27;[0m 
    &amp#27;[34mdrop&amp#27;[0m &amp#27;[34msequence&amp#27;[0m member_seq
&amp#27;[35m[Hibernate]&amp#27;[0m 
    &amp#27;[34mcreate&amp#27;[0m &amp#27;[34msequence&amp#27;[0m member_seq &amp#27;[34mstart&amp#27;[0m &amp#27;[34mwith&amp#27;[0m 1 &amp#27;[34mincrement&amp#27;[0m &amp#27;[34mby&amp#27;[0m 1
&amp#27;[35m[Hibernate]&amp#27;[0m 
    &amp#27;[34mcreate&amp#27;[0m &amp#27;[34mtable&amp#27;[0m &amp#27;[34mmember&amp#27;[0m (
        age number(10,0) &amp#27;[34mnot&amp#27;[0m &amp#27;[34mnull&amp#27;[0m,
        member_id number(19,0) &amp#27;[34mnot&amp#27;[0m &amp#27;[34mnull&amp#27;[0m,
        address varchar2(255 &amp#27;[34mchar&amp#27;[0m),
        email varchar2(255 &amp#27;[34mchar&amp#27;[0m) &amp#27;[34munique&amp#27;[0m,
        name varchar2(255 &amp#27;[34mchar&amp#27;[0m),
        password varchar2(255 &amp#27;[34mchar&amp#27;[0m),
        phone_number varchar2(255 &amp#27;[34mchar&amp#27;[0m) &amp#27;[34munique&amp#27;[0m,
        role varchar2(255 &amp#27;[34mchar&amp#27;[0m) &amp#27;[34mcheck&amp#27;[0m (role &amp#27;[34min&amp#27;[0m (&amp#27;[36m'&amp#27;[34mUSER&amp#27;[0m'&amp#27;[0m,&amp#27;[36m'ADMIN'&amp#27;[0m)),
        sex varchar2(255 &amp#27;[34mchar&amp#27;[0m) &amp#27;[34mcheck&amp#27;[0m (sex &amp#27;[34min&amp#27;[0m (&amp#27;[36m'MAN'&amp#27;[0m,&amp#27;[36m'GIRL'&amp#27;[0m)),
        user_id varchar2(255 &amp#27;[34mchar&amp#27;[0m) &amp#27;[34munique&amp#27;[0m,
        &amp#27;[34mprimary&amp#27;[0m &amp#27;[34mkey&amp#27;[0m (member_id)
    )
2023-11-20T00:42:09.680+09:00  INFO 14200 --- [           main] j.LocalContainerEntityManagerFactoryBean : Initialized JPA EntityManagerFactory for persistence unit 'default'
2023-11-20T00:42:10.100+09:00  WARN 14200 --- [           main] JpaBaseConfiguration$JpaWebConfiguration : spring.jpa.open-in-view is enabled by default. Therefore, database queries may be performed during view rendering. Explicitly configure spring.jpa.open-in-view to disable this warning
2023-11-20T00:42:10.239+09:00  INFO 14200 --- [           main] o.s.s.web.DefaultSecurityFilterChain     : Will secure any request with [org.springframework.security.web.session.DisableEncodeUrlFilter@18c432ed, org.springframework.security.web.context.request.async.WebAsyncManagerIntegrationFilter@206de1f, org.springframework.security.web.context.SecurityContextHolderFilter@528ef230, org.springframework.security.web.header.HeaderWriterFilter@38dc1c50, org.springframework.security.web.csrf.CsrfFilter@40ef385f, org.springframework.security.web.authentication.logout.LogoutFilter@5a5024eb, org.springframework.security.web.authentication.UsernamePasswordAuthenticationFilter@476dc0af, org.springframework.security.web.savedrequest.RequestCacheAwareFilter@737ae41a, org.springframework.security.web.servletapi.SecurityContextHolderAwareRequestFilter@33b4c775, org.springframework.security.web.authentication.AnonymousAuthenticationFilter@3fae357f, org.springframework.security.web.access.ExceptionTranslationFilter@7e864fa4]
2023-11-20T00:42:10.839+09:00  INFO 14200 --- [           main] c.s.repository.MemberRepositoryTest      : Started MemberRepositoryTest in 5.387 seconds (process running for 6.479)
&amp#27;[35m[Hibernate]&amp#27;[0m 
    &amp#27;[34mselect&amp#27;[0m
        member_seq.nextval 
    &amp#27;[34mfrom&amp#27;[0m
        dual
Member(id=1, name=test, age=23, sex=MAN, userId=test1234, password=123456, email=test@test.com, phoneNumber=010-1234-5678, address=인천 서구 석남동, role=USER)
]]></system-out>
  </testcase>
</testsuite>