<?xml version="1.0" encoding="UTF-8"?>
<testsuite xmlns:xsi="http://www.w3.org/2001/XMLSchema-instance" xsi:noNamespaceSchemaLocation="https://maven.apache.org/surefire/maven-surefire-plugin/xsd/surefire-test-report-3.0.xsd" version="3.0" name="com.security.SecurityTestApplicationTests" time="0.021" tests="1" errors="0" skipped="0" failures="0">
  <properties>
[...]
</properties>
  <testcase name="contextLoads" classname="com.security.SecurityTestApplicationTests" time="0.007">
    <system-out><![CDATA[2023-11-20T00:42:11.516+09:00  INFO 14200 --- [           main] t.c.s.AnnotationConfigContextLoaderUtils : Could not detect default configuration classes for test class [com.security.SecurityTestApplicationTests]: SecurityTestApplicationTests does not declare any static, non-private, non-final, nested classes annotated with @Configuration.
2023-11-20T00:42:11.524+09:00  INFO 14200 --- [           main] .b.t.c.SpringBootTestContextBootstrapper : Found @SpringBootConfiguration com.security.SecurityTestApplication for test class com.security.SecurityTestApplicationTests
]]></system-out>
  </testcase>
</testsuite>